# JRE version: OpenJDK Runtime Environment Temurin-17.0.9+9 (17.0.9+9) (build 17.0.9+9)
# Java VM: OpenJDK 64-Bit Server VM Temurin-17.0.9+9 (17.0.9+9, mixed mode, emulated-client, tiered, compressed oops, compressed class ptrs, g1 gc, windows-amd64)
GC Precious Log:
 CPUs: 12 total, 12 available
 Memory: 16318M
 Large Page Support: Disabled
 NUMA Support: Disabled
 Compressed Oops: Enabled (32-bit)
 Heap Region Size: 1M
 Heap Min Capacity: 8M
 Heap Initial Capacity: 256M
 Heap Max Capacity: 1G
 Pre-touch: Disabled
 Parallel Workers: 10
 Concurrent Workers: 3
 Concurrent Refinement Workers: 10
 Periodic GC: Disabled
Heap:
 garbage-first heap   total 75776K, used 35875K [0x00000000c0000000, 0x0000000100000000)
  region size 1024K, 1 young (1024K), 0 survivors (0K)
 Metaspace       used 57402K, committed 58112K, reserved 1114112K
  class space    used 7065K, committed 7360K, reserved 1048576K
GC Heap History (20 events):
Event: 4681.260 GC heap before
{Heap before GC invocations=456 (full 438):
 garbage-first heap   total 75776K, used 35875K [0x00000000c0000000, 0x0000000100000000)
  region size 1024K, 1 young (1024K), 0 survivors (0K)
 Metaspace       used 57402K, committed 58112K, reserved 1114112K
  class space    used 7065K, committed 7360K, reserved 1048576K
}
Event: 4681.286 GC heap after
{Heap after GC invocations=457 (full 439):
 garbage-first heap   total 75776K, used 35875K [0x00000000c0000000, 0x0000000100000000)
  region size 1024K, 0 young (0K), 0 survivors (0K)
 Metaspace       used 57402K, committed 58112K, reserved 1114112K
  class space    used 7065K, committed 7360K, reserved 1048576K
}
Event: 4692.344 GC heap before
{Heap before GC invocations=457 (full 439):
 garbage-first heap   total 75776K, used 35875K [0x00000000c0000000, 0x0000000100000000)
  region size 1024K, 1 young (1024K), 0 survivors (0K)
 Metaspace       used 57402K, committed 58112K, reserved 1114112K
  class space    used 7065K, committed 7360K, reserved 1048576K
}
Event: 4692.377 GC heap after
{Heap after GC invocations=458 (full 440):
 garbage-first heap   total 75776K, used 35875K [0x00000000c0000000, 0x0000000100000000)
  region size 1024K, 0 young (0K), 0 survivors (0K)
 Metaspace       used 57402K, committed 58112K, reserved 1114112K
  class space    used 7065K, committed 7360K, reserved 1048576K
}
Event: 4703.076 GC heap before
{Heap before GC invocations=458 (full 440):
 garbage-first heap   total 75776K, used 35875K [0x00000000c0000000, 0x0000000100000000)
  region size 1024K, 1 young (1024K), 0 survivors (0K)
 Metaspace       used 57402K, committed 58112K, reserved 1114112K
  class space    used 7065K, committed 7360K, reserved 1048576K
}
Event: 4703.105 GC heap after
{Heap after GC invocations=459 (full 441):
 garbage-first heap   total 75776K, used 35875K [0x00000000c0000000, 0x0000000100000000)
  region size 1024K, 0 young (0K), 0 survivors (0K)
 Metaspace       used 57402K, committed 58112K, reserved 1114112K
  class space    used 7065K, committed 7360K, reserved 1048576K
}
Event: 4713.733 GC heap before
{Heap before GC invocations=459 (full 441):
 garbage-first heap   total 75776K, used 35875K [0x00000000c0000000, 0x0000000100000000)
  region size 1024K, 1 young (1024K), 0 survivors (0K)
 Metaspace       used 57402K, committed 58112K, reserved 1114112K
  class space    used 7065K, committed 7360K, reserved 1048576K
}
Event: 4713.760 GC heap after
{Heap after GC invocations=460 (full 442):
 garbage-first heap   total 75776K, used 35875K [0x00000000c0000000, 0x0000000100000000)
  region size 1024K, 0 young (0K), 0 survivors (0K)
 Metaspace       used 57402K, committed 58112K, reserved 1114112K
  class space    used 7065K, committed 7360K, reserved 1048576K
}
Event: 4724.361 GC heap before
{Heap before GC invocations=460 (full 442):
 garbage-first heap   total 75776K, used 35875K [0x00000000c0000000, 0x0000000100000000)
  region size 1024K, 1 young (1024K), 0 survivors (0K)
 Metaspace       used 57402K, committed 58112K, reserved 1114112K
  class space    used 7065K, committed 7360K, reserved 1048576K
}
Event: 4724.384 GC heap after
{Heap after GC invocations=461 (full 443):
 garbage-first heap   total 75776K, used 35875K [0x00000000c0000000, 0x0000000100000000)
  region size 1024K, 0 young (0K), 0 survivors (0K)
 Metaspace       used 57402K, committed 58112K, reserved 1114112K
  class space    used 7065K, committed 7360K, reserved 1048576K
}
Event: 4735.059 GC heap before
{Heap before GC invocations=461 (full 443):
 garbage-first heap   total 75776K, used 35875K [0x00000000c0000000, 0x0000000100000000)
  region size 1024K, 1 young (1024K), 0 survivors (0K)
 Metaspace       used 57402K, committed 58112K, reserved 1114112K
  class space    used 7065K, committed 7360K, reserved 1048576K
}
Event: 4735.091 GC heap after
{Heap after GC invocations=462 (full 444):
 garbage-first heap   total 75776K, used 35875K [0x00000000c0000000, 0x0000000100000000)
  region size 1024K, 0 young (0K), 0 survivors (0K)
 Metaspace       used 57402K, committed 58112K, reserved 1114112K
  class space    used 7065K, committed 7360K, reserved 1048576K
}
Event: 4745.703 GC heap before
{Heap before GC invocations=462 (full 444):
 garbage-first heap   total 75776K, used 35875K [0x00000000c0000000, 0x0000000100000000)
  region size 1024K, 1 young (1024K), 0 survivors (0K)
 Metaspace       used 57402K, committed 58112K, reserved 1114112K
  class space    used 7065K, committed 7360K, reserved 1048576K
}
Event: 4745.726 GC heap after
{Heap after GC invocations=463 (full 445):
 garbage-first heap   total 75776K, used 35875K [0x00000000c0000000, 0x0000000100000000)
  region size 1024K, 0 young (0K), 0 survivors (0K)
 Metaspace       used 57402K, committed 58112K, reserved 1114112K
  class space    used 7065K, committed 7360K, reserved 1048576K
}
Event: 4756.315 GC heap before
{Heap before GC invocations=463 (full 445):
 garbage-first heap   total 75776K, used 35875K [0x00000000c0000000, 0x0000000100000000)
  region size 1024K, 1 young (1024K), 0 survivors (0K)
 Metaspace       used 57402K, committed 58112K, reserved 1114112K
  class space    used 7065K, committed 7360K, reserved 1048576K
}
Event: 4756.338 GC heap after
{Heap after GC invocations=464 (full 446):
 garbage-first heap   total 75776K, used 35875K [0x00000000c0000000, 0x0000000100000000)
  region size 1024K, 0 young (0K), 0 survivors (0K)
 Metaspace       used 57402K, committed 58112K, reserved 1114112K
  class space    used 7065K, committed 7360K, reserved 1048576K
}
Event: 4766.915 GC heap before
{Heap before GC invocations=464 (full 446):
 garbage-first heap   total 75776K, used 35875K [0x00000000c0000000, 0x0000000100000000)
  region size 1024K, 1 young (1024K), 0 survivors (0K)
 Metaspace       used 57402K, committed 58112K, reserved 1114112K
  class space    used 7065K, committed 7360K, reserved 1048576K
}
Event: 4766.941 GC heap after
{Heap after GC invocations=465 (full 447):
 garbage-first heap   total 75776K, used 35875K [0x00000000c0000000, 0x0000000100000000)
  region size 1024K, 0 young (0K), 0 survivors (0K)
 Metaspace       used 57402K, committed 58112K, reserved 1114112K
  class space    used 7065K, committed 7360K, reserved 1048576K
}
Event: 4777.591 GC heap before
{Heap before GC invocations=465 (full 447):
 garbage-first heap   total 75776K, used 35875K [0x00000000c0000000, 0x0000000100000000)
  region size 1024K, 1 young (1024K), 0 survivors (0K)
 Metaspace       used 57402K, committed 58112K, reserved 1114112K
  class space    used 7065K, committed 7360K, reserved 1048576K
}
Event: 4777.618 GC heap after
{Heap after GC invocations=466 (full 448):
 garbage-first heap   total 75776K, used 35875K [0x00000000c0000000, 0x0000000100000000)
  region size 1024K, 0 young (0K), 0 survivors (0K)
 Metaspace       used 57402K, committed 58112K, reserved 1114112K
  class space    used 7065K, committed 7360K, reserved 1048576K
}

